Started by user [8mha:////4A9z2f6NgnrdSy6p2rz4LUMwlDqVNY9sow97UjKP1Us8AAAAmR+LCAAAAAAAAP9b85aBtbiIQTGjNKU4P08vOT+vOD8nVc83PyU1x6OyILUoJzMv2y+/JJUBAhiZGBgqihhk0NSjKDWzXb3RdlLBUSYGJk8GtpzUvPSSDB8G5tKinBIGIZ+sxLJE/ZzEvHT94JKizLx0a6BxUmjGOUNodHsLgAzuEgZe/dLi1CL9koyizKSMUgCAdTDBwgAAAA==[0mThribhuvan 
Running as SYSTEM
Building remotely on [8mha:////4GbP9xvKbEA+bIcn/GfeCtdS+JLNT/AvKmvAq94bu6ywAAAAnx+LCAAAAAAAAP9b85aBtbiIQTGjNKU4P08vOT+vOD8nVc83PyU1x6OyILUoJzMv2y+/JJUBAhiZGBgqihhk0NSjKDWzXb3RdlLBUSYGJk8GtpzUvPSSDB8G5tKinBIGIZ+sxLJE/ZzEvHT94JKizLx0a6BxUmjGOUNodHsLgAzuEgZR/eT83ILSktQi/eLUorLUIiOQmQAoRLzGygAAAA==[0mserver2java (java) in workspace /opt/jenkins/workspace/buildjavajob
[buildjavajob] $ /bin/sh -xe /tmp/jenkins2445217267141043489.sh
+ cd /opt/jenkins/workspace/buildjavajob
+ sudo mvn package
[INFO] Scanning for projects...
[INFO] ------------------------------------------------------------------------
[INFO] BUILD FAILURE
[INFO] ------------------------------------------------------------------------
[INFO] Total time: 0.195 s
[INFO] Finished at: 2022-02-26T17:25:49Z
[INFO] ------------------------------------------------------------------------
[ERROR] The goal you specified requires a project to execute but there is no POM in this directory (/opt/jenkins/workspace/buildjavajob). Please verify you invoked Maven from the correct directory. -> [Help 1]
[ERROR] 
[ERROR] To see the full stack trace of the errors, re-run Maven with the -e switch.
[ERROR] Re-run Maven using the -X switch to enable full debug logging.
[ERROR] 
[ERROR] For more information about the errors and possible solutions, please read the following articles:
[ERROR] [Help 1] http://cwiki.apache.org/confluence/display/MAVEN/MissingProjectException
Build step 'Execute shell' marked build as failure
Finished: FAILURE
